Using pre-set license
Built from '2021.3/staging' branch; Version is '2021.3.4f1 (cb45f9cae8b7) revision 13321721'; Using compiler version '192829333'; Build Type 'Release'
OS: 'Windows 11  (10.0.22000) 64bit Core' Language: 'de' Physical Memory: 16173 MB
BatchMode: 1, IsHumanControllingUs: 0, StartBugReporterOnCrash: 0, Is64bit: 1, IsPro: 1

COMMAND LINE ARGUMENTS:
C:\Program Files\Unity\Hub\Editor\2021.3.4f1\Editor\Unity.exe
-adb2
-batchMode
-noUpm
-name
AssetImportWorker1
-projectPath
C:/Users/Skill/OneDrive/Desktop/JennysThing
-logFile
Logs/AssetImportWorker1.log
-srvPort
61414
Successfully changed project path to: C:/Users/Skill/OneDrive/Desktop/JennysThing
C:/Users/Skill/OneDrive/Desktop/JennysThing
[UnityMemory] Configuration Parameters - Can be set up in boot.config
    "memorysetup-bucket-allocator-granularity=16"
    "memorysetup-bucket-allocator-bucket-count=8"
    "memorysetup-bucket-allocator-block-size=33554432"
    "memorysetup-bucket-allocator-block-count=8"
    "memorysetup-main-allocator-block-size=16777216"
    "memorysetup-thread-allocator-block-size=16777216"
    "memorysetup-gfx-main-allocator-block-size=16777216"
    "memorysetup-gfx-thread-allocator-block-size=16777216"
    "memorysetup-cache-allocator-block-size=4194304"
    "memorysetup-typetree-allocator-block-size=2097152"
    "memorysetup-profiler-bucket-allocator-granularity=16"
    "memorysetup-profiler-bucket-allocator-bucket-count=8"
    "memorysetup-profiler-bucket-allocator-block-size=33554432"
    "memorysetup-profiler-bucket-allocator-block-count=8"
    "memorysetup-profiler-allocator-block-size=16777216"
    "memorysetup-profiler-editor-allocator-block-size=1048576"
    "memorysetup-temp-allocator-size-main=16777216"
    "memorysetup-job-temp-allocator-block-size=2097152"
    "memorysetup-job-temp-allocator-block-size-background=1048576"
    "memorysetup-job-temp-allocator-reduction-small-platforms=262144"
    "memorysetup-temp-allocator-size-background-worker=32768"
    "memorysetup-temp-allocator-size-job-worker=262144"
    "memorysetup-temp-allocator-size-preload-manager=33554432"
    "memorysetup-temp-allocator-size-nav-mesh-worker=65536"
    "memorysetup-temp-allocator-size-audio-worker=65536"
    "memorysetup-temp-allocator-size-cloud-worker=32768"
    "memorysetup-temp-allocator-size-gi-baking-worker=262144"
    "memorysetup-temp-allocator-size-gfx=262144"
Refreshing native plugins compatible for Editor in 297.07 ms, found 3 plugins.
Preloading 0 native plugins for Editor in 0.00 ms.
Initialize engine version: 2021.3.4f1 (cb45f9cae8b7)
[Subsystems] Discovering subsystems at path C:/Program Files/Unity/Hub/Editor/2021.3.4f1/Editor/Data/Resources/UnitySubsystems
[Subsystems] Discovering subsystems at path C:/Users/Skill/OneDrive/Desktop/JennysThing/Assets
GfxDevice: creating device client; threaded=0; jobified=0
Direct3D:
    Version:  Direct3D 11.0 [level 11.1]
    Renderer: NVIDIA GeForce GTX 1650 (ID=0x1f99)
    Vendor:   NVIDIA
    VRAM:     3962 MB
    Driver:   30.0.14.9613
Initialize mono
Mono path[0] = 'C:/Program Files/Unity/Hub/Editor/2021.3.4f1/Editor/Data/Managed'
Mono path[1] = 'C:/Program Files/Unity/Hub/Editor/2021.3.4f1/Editor/Data/MonoBleedingEdge/lib/mono/unityjit-win32'
Mono config path = 'C:/Program Files/Unity/Hub/Editor/2021.3.4f1/Editor/Data/MonoBleedingEdge/etc'
Using monoOptions --debugger-agent=transport=dt_socket,embedding=1,server=y,suspend=n,address=127.0.0.1:56520
Begin MonoManager ReloadAssembly
Registering precompiled unity dll's ...
Register platform support module: C:/Program Files/Unity/Hub/Editor/2021.3.4f1/Editor/Data/PlaybackEngines/WindowsStandaloneSupport/UnityEditor.WindowsStandalone.Extensions.dll
Registered in 0.005320 seconds.
Native extension for WindowsStandalone target not found
Refreshing native plugins compatible for Editor in 269.81 ms, found 3 plugins.
Preloading 0 native plugins for Editor in 0.00 ms.
Mono: successfully reloaded assembly
- Completed reload, in  1.104 seconds
Domain Reload Profiling:
	ReloadAssembly (1105ms)
		BeginReloadAssembly (102ms)
			ExecutionOrderSort (0ms)
			DisableScriptedObjects (0ms)
			BackupInstance (0ms)
			ReleaseScriptingObjects (0ms)
			CreateAndSetChildDomain (1ms)
		EndReloadAssembly (843ms)
			LoadAssemblies (100ms)
			RebuildTransferFunctionScriptingTraits (0ms)
			SetupTypeCache (165ms)
			ReleaseScriptCaches (0ms)
			RebuildScriptCaches (42ms)
			SetupLoadedEditorAssemblies (565ms)
				LogAssemblyErrors (0ms)
				InitializePlatformSupportModulesInManaged (10ms)
				SetLoadedEditorAssemblies (0ms)
				RefreshPlugins (270ms)
				BeforeProcessingInitializeOnLoad (2ms)
				ProcessInitializeOnLoadAttributes (213ms)
				ProcessInitializeOnLoadMethodAttributes (70ms)
				AfterProcessingInitializeOnLoad (0ms)
				EditorAssembliesLoaded (0ms)
			ExecutionOrderSort2 (0ms)
			AwakeInstancesAfterBackupRestoration (0ms)
Platform modules already initialized, skipping
Registering precompiled user dll's ...
Registered in 0.009603 seconds.
Begin MonoManager ReloadAssembly
Symbol file LoadedFromMemory doesn't match image C:\Users\Skill\OneDrive\Desktop\JennysThing\Library\PackageCache\com.unity.visualscripting@1.7.8\Editor\VisualScripting.Core\Dependencies\YamlDotNet\Unity.VisualScripting.YamlDotNet.dll
Symbol file LoadedFromMemory doesn't match image C:\Users\Skill\OneDrive\Desktop\JennysThing\Library\PackageCache\com.unity.visualscripting@1.7.8\Editor\VisualScripting.Core\Dependencies\DotNetZip\Unity.VisualScripting.IonicZip.dll
Native extension for WindowsStandalone target not found
Refreshing native plugins compatible for Editor in 281.74 ms, found 3 plugins.
Preloading 0 native plugins for Editor in 0.00 ms.
Mono: successfully reloaded assembly
- Completed reload, in  2.523 seconds
Domain Reload Profiling:
	ReloadAssembly (2525ms)
		BeginReloadAssembly (159ms)
			ExecutionOrderSort (0ms)
			DisableScriptedObjects (9ms)
			BackupInstance (0ms)
			ReleaseScriptingObjects (0ms)
			CreateAndSetChildDomain (25ms)
		EndReloadAssembly (2186ms)
			LoadAssemblies (125ms)
			RebuildTransferFunctionScriptingTraits (0ms)
			SetupTypeCache (478ms)
			ReleaseScriptCaches (1ms)
			RebuildScriptCaches (104ms)
			SetupLoadedEditorAssemblies (1420ms)
				LogAssemblyErrors (0ms)
				InitializePlatformSupportModulesInManaged (5ms)
				SetLoadedEditorAssemblies (0ms)
				RefreshPlugins (282ms)
				BeforeProcessingInitializeOnLoad (194ms)
				ProcessInitializeOnLoadAttributes (540ms)
				ProcessInitializeOnLoadMethodAttributes (391ms)
				AfterProcessingInitializeOnLoad (8ms)
				EditorAssembliesLoaded (0ms)
			ExecutionOrderSort2 (0ms)
			AwakeInstancesAfterBackupRestoration (9ms)
Platform modules already initialized, skipping
========================================================================
Worker process is ready to serve import requests
Launched and connected shader compiler UnityShaderCompiler.exe after 0.05 seconds
Refreshing native plugins compatible for Editor in 2.73 ms, found 3 plugins.
Preloading 0 native plugins for Editor in 0.00 ms.
Unloading 6768 Unused Serialized files (Serialized files now loaded: 0)
Unloading 62 unused Assets / (4.5 MB). Loaded Objects now: 7211.
Memory consumption went from 284.8 MB to 280.3 MB.
Total: 8.918700 ms (FindLiveObjects: 0.872700 ms CreateObjectMapping: 0.912900 ms MarkObjects: 6.018300 ms  DeleteObjects: 1.112600 ms)

AssetImportParameters requested are different than current active one (requested -> active):
  custom:video-decoder-ogg-theora: a1e56fd34408186e4bbccfd4996cb3dc -> 
  custom:container-muxer-webm: aa71ff27fc2769a1b78a27578f13a17b -> 
  custom:container-demuxer-webm: 4f35f7cbe854078d1ac9338744f61a02 -> 
  custom:video-encoder-webm-vp8: eb34c28f22e8b96e1ab97ce403110664 -> 
  custom:audio-encoder-webm-vorbis: bf7c407c2cedff20999df2af8eb42d56 -> 
  custom:framework-win-MediaFoundation: 216162199b28c13a410421893ffa2e32 -> 
  custom:container-demuxer-ogg: 62fdf1f143b41e24485cea50d1cbac27 -> 
  custom:video-decoder-webm-vp8: 9c59270c3fd7afecdb556c50c9e8de78 -> 
  custom:audio-decoder-ogg-vorbis: bf7c407c2cedff20999df2af8eb42d56 -> 
========================================================================
Received Import Request.
  Time since last request: 11662.853766 seconds.
  path: Assets/Scenes/NewLayer.terrainlayer
  artifactKey: Guid(ef304be334e1af243b53a6ce8afcbcf0) Importer(815301076,1909f56bfc062723c751e8b465ee728b)
Start importing Assets/Scenes/NewLayer.terrainlayer using Guid(ef304be334e1af243b53a6ce8afcbcf0) Importer(815301076,1909f56bfc062723c751e8b465ee728b)  -> (artifact id: '5437db3b3eabda442f9d3c22f53165b9') in 0.179074 seconds 
========================================================================
Received Import Request.
  Time since last request: 0.000026 seconds.
  path: Assets/Scenes/First Person Controller Variant.prefab
  artifactKey: Guid(5890b191f807ecf4a9582f653033a2a9) Importer(815301076,1909f56bfc062723c751e8b465ee728b)
Start importing Assets/Scenes/First Person Controller Variant.prefab using Guid(5890b191f807ecf4a9582f653033a2a9) Importer(815301076,1909f56bfc062723c751e8b465ee728b)  -> (artifact id: 'cb5d7cd71891d6a609fdb3a557eaf161') in 0.169443 seconds 
========================================================================
Received Import Request.
  Time since last request: 0.000190 seconds.
  path: Assets/Scenes/Canvas.prefab
  artifactKey: Guid(cbca1f6718843e649bd501cd6c73b4d1) Importer(815301076,1909f56bfc062723c751e8b465ee728b)
Start importing Assets/Scenes/Canvas.prefab using Guid(cbca1f6718843e649bd501cd6c73b4d1) Importer(815301076,1909f56bfc062723c751e8b465ee728b)  -> (artifact id: 'b7de5fc2eaca648c6ae316b5200512de') in 0.080572 seconds 
========================================================================
Received Import Request.
  Time since last request: 0.000033 seconds.
  path: Assets/Scenes/SceneManager.prefab
  artifactKey: Guid(03f53195011820e4c957cd6379dcfc56) Importer(815301076,1909f56bfc062723c751e8b465ee728b)
Start importing Assets/Scenes/SceneManager.prefab using Guid(03f53195011820e4c957cd6379dcfc56) Importer(815301076,1909f56bfc062723c751e8b465ee728b)  -> (artifact id: '3a5e5b8af2e287ac9cf86116e6532319') in 0.009776 seconds 
========================================================================
Received Import Request.
  Time since last request: 0.000024 seconds.
  path: Assets/New Terrain 2.asset
  artifactKey: Guid(892846a752d361d4ab50035fd000dd81) Importer(815301076,1909f56bfc062723c751e8b465ee728b)
Start importing Assets/New Terrain 2.asset using Guid(892846a752d361d4ab50035fd000dd81) Importer(815301076,1909f56bfc062723c751e8b465ee728b)  -> (artifact id: 'e6e674df22b6a2883de58aef647ff6a2') in 0.043654 seconds 
========================================================================
Received Import Request.
  Time since last request: 3.823768 seconds.
  path: Assets/Sounds 1/music/Music_Scene_01/kf016807-the-tunnel.wav
  artifactKey: Guid(ae7355536f438e04fbb5fa97656f91f1) Importer(815301076,1909f56bfc062723c751e8b465ee728b)
Start importing Assets/Sounds 1/music/Music_Scene_01/kf016807-the-tunnel.wav using Guid(ae7355536f438e04fbb5fa97656f91f1) Importer(815301076,1909f56bfc062723c751e8b465ee728b)  -> (artifact id: '389790f06d069a1f9b2a81260c0c7193') in 0.067559 seconds 
========================================================================
Received Import Request.
  Time since last request: 0.000037 seconds.
  path: Assets/Sounds 1/music/Music_Scene_01/kf029404-a-medieval-morning.wav
  artifactKey: Guid(4fbdb80768824fc42bb3f00ce42dd3f5) Importer(815301076,1909f56bfc062723c751e8b465ee728b)
Start importing Assets/Sounds 1/music/Music_Scene_01/kf029404-a-medieval-morning.wav using Guid(4fbdb80768824fc42bb3f00ce42dd3f5) Importer(815301076,1909f56bfc062723c751e8b465ee728b)  -> (artifact id: '73ced8e67cde54aeddb55dc7ded72dd7') in 0.016394 seconds 
========================================================================
Received Import Request.
  Time since last request: 80.998612 seconds.
  path: Assets/Individual Characters/Humanoid Rigs/Individual Characters/FBX/Casual.fbx
  artifactKey: Guid(beaa2e561f5fe9a4592be64b4bb82ab2) Importer(815301076,1909f56bfc062723c751e8b465ee728b)
Start importing Assets/Individual Characters/Humanoid Rigs/Individual Characters/FBX/Casual.fbx using Guid(beaa2e561f5fe9a4592be64b4bb82ab2) Importer(815301076,1909f56bfc062723c751e8b465ee728b)  -> (artifact id: '8840ed8eafe7367e3b873e32866a419a') in 0.504731 seconds 
========================================================================
Received Import Request.
  Time since last request: 0.000032 seconds.
  path: Assets/Individual Characters/Humanoid Rigs/Individual Characters/FBX/Soldier.fbx
  artifactKey: Guid(6e49557d49127144cb37b98612ebc94e) Importer(815301076,1909f56bfc062723c751e8b465ee728b)
Start importing Assets/Individual Characters/Humanoid Rigs/Individual Characters/FBX/Soldier.fbx using Guid(6e49557d49127144cb37b98612ebc94e) Importer(815301076,1909f56bfc062723c751e8b465ee728b)  -> (artifact id: 'bf443148c61c64cafd84fc3867cde779') in 0.156997 seconds 
========================================================================
Received Import Request.
  Time since last request: 0.000038 seconds.
  path: Assets/Individual Characters/Humanoid Rigs/Individual Characters/FBX/Suit.fbx
  artifactKey: Guid(afb890f762d067745971aa8f452d18fc) Importer(815301076,1909f56bfc062723c751e8b465ee728b)
Start importing Assets/Individual Characters/Humanoid Rigs/Individual Characters/FBX/Suit.fbx using Guid(afb890f762d067745971aa8f452d18fc) Importer(815301076,1909f56bfc062723c751e8b465ee728b)  -> (artifact id: '8513789f10467b7689ac86f2813fb80a') in 0.155560 seconds 
========================================================================
Received Import Request.
  Time since last request: 0.000037 seconds.
  path: Assets/Individual Characters/Humanoid Rigs/Individual Characters/FBX/Medieval.fbx
  artifactKey: Guid(9dd6f8dc5f282344fb68580f9a5746e9) Importer(815301076,1909f56bfc062723c751e8b465ee728b)
Start importing Assets/Individual Characters/Humanoid Rigs/Individual Characters/FBX/Medieval.fbx using Guid(9dd6f8dc5f282344fb68580f9a5746e9) Importer(815301076,1909f56bfc062723c751e8b465ee728b)  -> (artifact id: 'b4ce9904108ea43697129bd2a3275966') in 0.177327 seconds 
========================================================================
Received Import Request.
  Time since last request: 13.339414 seconds.
  path: Assets/Individual Characters/Humanoid Rigs/Individual Characters/Blends/Medieval.blend
  artifactKey: Guid(f981f1c00670b644ba84fb0582534087) Importer(815301076,1909f56bfc062723c751e8b465ee728b)
Start importing Assets/Individual Characters/Humanoid Rigs/Individual Characters/Blends/Medieval.blend using Guid(f981f1c00670b644ba84fb0582534087) Importer(815301076,1909f56bfc062723c751e8b465ee728b)  -> (artifact id: '10a68b020f4a7d5a5fdba5a2378d19e4') in 0.170983 seconds 
========================================================================
Received Import Request.
  Time since last request: 0.000037 seconds.
  path: Assets/Individual Characters/Humanoid Rigs/Individual Characters/Blends/SciFi.blend
  artifactKey: Guid(063984ce4149d47489571340b549c4b3) Importer(815301076,1909f56bfc062723c751e8b465ee728b)
Start importing Assets/Individual Characters/Humanoid Rigs/Individual Characters/Blends/SciFi.blend using Guid(063984ce4149d47489571340b549c4b3) Importer(815301076,1909f56bfc062723c751e8b465ee728b)  -> (artifact id: '1476e016ea5f679c898bbdd33c7573d4') in 0.172894 seconds 
========================================================================
Received Import Request.
  Time since last request: 0.000086 seconds.
  path: Assets/Individual Characters/Humanoid Rigs/Individual Characters/Blends/Soldier.blend
  artifactKey: Guid(a5569677ed6ad1f4f9962047ebe7f964) Importer(815301076,1909f56bfc062723c751e8b465ee728b)
Start importing Assets/Individual Characters/Humanoid Rigs/Individual Characters/Blends/Soldier.blend using Guid(a5569677ed6ad1f4f9962047ebe7f964) Importer(815301076,1909f56bfc062723c751e8b465ee728b)  -> (artifact id: 'c4374ee895354f7d3404e2979bf7d4a0') in 0.142183 seconds 
========================================================================
Received Import Request.
  Time since last request: 0.000033 seconds.
  path: Assets/Individual Characters/Humanoid Rigs/Individual Characters/Blends/Worker.blend
  artifactKey: Guid(0a5e1302ee25b40458f44d1bf1d5ba1d) Importer(815301076,1909f56bfc062723c751e8b465ee728b)
Start importing Assets/Individual Characters/Humanoid Rigs/Individual Characters/Blends/Worker.blend using Guid(0a5e1302ee25b40458f44d1bf1d5ba1d) Importer(815301076,1909f56bfc062723c751e8b465ee728b)  -> (artifact id: 'fd58f6696fe32b86d84b1e94e951226c') in 0.169014 seconds 
========================================================================
Received Import Request.
  Time since last request: 22.331777 seconds.
  path: Assets/Individual Characters/FBX/Casual.fbx
  artifactKey: Guid(26bafad4cd0b5454092b963b059751d7) Importer(815301076,1909f56bfc062723c751e8b465ee728b)
Start importing Assets/Individual Characters/FBX/Casual.fbx using Guid(26bafad4cd0b5454092b963b059751d7) Importer(815301076,1909f56bfc062723c751e8b465ee728b)  -> (artifact id: 'c98332f3d3dbc0c35d68873de301e020') in 0.163251 seconds 
========================================================================
Received Import Request.
  Time since last request: 0.000034 seconds.
  path: Assets/Individual Characters/FBX/Medieval.fbx
  artifactKey: Guid(ed39741d98f7be1468084c05cfe329a6) Importer(815301076,1909f56bfc062723c751e8b465ee728b)
Start importing Assets/Individual Characters/FBX/Medieval.fbx using Guid(ed39741d98f7be1468084c05cfe329a6) Importer(815301076,1909f56bfc062723c751e8b465ee728b)  -> (artifact id: 'fce6ff59acfa51c0aeac0f76baf68558') in 0.311834 seconds 
========================================================================
Received Import Request.
  Time since last request: 0.000051 seconds.
  path: Assets/Individual Characters/FBX/Punk.fbx
  artifactKey: Guid(1e2fa4327fffbbb4db030f4222543ebd) Importer(815301076,1909f56bfc062723c751e8b465ee728b)
Start importing Assets/Individual Characters/FBX/Punk.fbx using Guid(1e2fa4327fffbbb4db030f4222543ebd) Importer(815301076,1909f56bfc062723c751e8b465ee728b)  -> (artifact id: '8bd3b31b7ee8722feaa23d94968e0df6') in 0.221996 seconds 
========================================================================
Received Import Request.
  Time since last request: 0.000045 seconds.
  path: Assets/Individual Characters/FBX/Soldier.fbx
  artifactKey: Guid(73d23d8a919a15948a44ab5788fdf308) Importer(815301076,1909f56bfc062723c751e8b465ee728b)
Start importing Assets/Individual Characters/FBX/Soldier.fbx using Guid(73d23d8a919a15948a44ab5788fdf308) Importer(815301076,1909f56bfc062723c751e8b465ee728b)  -> (artifact id: 'd26c4ac4a14ecbccf273275399c67853') in 0.166920 seconds 
========================================================================
Received Import Request.
  Time since last request: 0.000047 seconds.
  path: Assets/Individual Characters/FBX/SciFi.fbx
  artifactKey: Guid(c9c406e28c645f0459c8d48ffa3e7adb) Importer(815301076,1909f56bfc062723c751e8b465ee728b)
Start importing Assets/Individual Characters/FBX/SciFi.fbx using Guid(c9c406e28c645f0459c8d48ffa3e7adb) Importer(815301076,1909f56bfc062723c751e8b465ee728b)  -> (artifact id: 'df070abcf6427e42164d3c04e1fb28ed') in 0.195879 seconds 
========================================================================
Received Import Request.
  Time since last request: 14.161893 seconds.
  path: Assets/Individual Characters/Blends/Formal.blend
  artifactKey: Guid(086258144c0062243b8e2f97ed5e9051) Importer(815301076,1909f56bfc062723c751e8b465ee728b)
Start importing Assets/Individual Characters/Blends/Formal.blend using Guid(086258144c0062243b8e2f97ed5e9051) Importer(815301076,1909f56bfc062723c751e8b465ee728b)  -> (artifact id: '888ee9b077f250c47b029b712dc5d1a9') in 0.156345 seconds 
========================================================================
Received Import Request.
  Time since last request: 0.000042 seconds.
  path: Assets/Individual Characters/Blends/Suit.blend
  artifactKey: Guid(0c9a72fe98c0c694abdf296b1bfff68c) Importer(815301076,1909f56bfc062723c751e8b465ee728b)
Start importing Assets/Individual Characters/Blends/Suit.blend using Guid(0c9a72fe98c0c694abdf296b1bfff68c) Importer(815301076,1909f56bfc062723c751e8b465ee728b)  -> (artifact id: '7613899459d863482f14cd661687b34b') in 0.272774 seconds 
========================================================================
Received Prepare
Registering precompiled user dll's ...
Registered in 0.010571 seconds.
ArgumentException: An item with the same key has already been added. Key: 00000000000000000000000000000000
  at System.Collections.Generic.Dictionary`2[TKey,TValue].TryInsert (TKey key, TValue value, System.Collections.Generic.InsertionBehavior behavior) [0x0015a] in <d4cde64232cf45659d86aafa597faa77>:0 
  at System.Collections.Generic.Dictionary`2[TKey,TValue].Add (TKey key, TValue value) [0x00000] in <d4cde64232cf45659d86aafa597faa77>:0 
  at System.Linq.Enumerable.ToDictionary[TSource,TKey] (TSource[] source, System.Func`2[T,TResult] keySelector, System.Collections.Generic.IEqualityComparer`1[T] comparer) [0x0001c] in <599ef6b6d50f4e488ca73e2010b52436>:0 
  at System.Linq.Enumerable.ToDictionary[TSource,TKey] (System.Collections.Generic.IEnumerable`1[T] source, System.Func`2[T,TResult] keySelector, System.Collections.Generic.IEqualityComparer`1[T] comparer) [0x00043] in <599ef6b6d50f4e488ca73e2010b52436>:0 
  at System.Linq.Enumerable.ToDictionary[TSource,TKey] (System.Collections.Generic.IEnumerable`1[T] source, System.Func`2[T,TResult] keySelector) [0x00000] in <599ef6b6d50f4e488ca73e2010b52436>:0 
  at UnityEditor.Scripting.ScriptCompilation.LoadingAssemblyDefinition.SetAllCustomScriptAssemblyReferenceJsonsContents (System.String[] paths, System.String[] contents) [0x00172] in <36f62d8e760b48f7af5d32916f997ce1>:0 
UnityEngine.DebugLogHandler:Internal_LogException(Exception, Object)
UnityEngine.DebugLogHandler:LogException(Exception, Object)
UnityEngine.Logger:LogException(Exception, Object)
UnityEngine.Debug:LogException(Exception)
UnityEditor.Scripting.ScriptCompilation.EditorCompilationInterface:LogException(Exception)
UnityEditor.Scripting.ScriptCompilation.EditorCompilationInterface:EmitExceptionsAsErrors(Exception[])
UnityEditor.Scripting.ScriptCompilation.EditorCompilationInterface:SetAllCustomScriptAssemblyReferenceJsons(String[], String[])

ArgumentException: An item with the same key has already been added. Key: 00000000000000000000000000000000
  at System.Collections.Generic.Dictionary`2[TKey,TValue].TryInsert (TKey key, TValue value, System.Collections.Generic.InsertionBehavior behavior) [0x0015a] in <d4cde64232cf45659d86aafa597faa77>:0 
  at System.Collections.Generic.Dictionary`2[TKey,TValue].Add (TKey key, TValue value) [0x00000] in <d4cde64232cf45659d86aafa597faa77>:0 
  at System.Linq.Enumerable.ToDictionary[TSource,TKey] (TSource[] source, System.Func`2[T,TResult] keySelector, System.Collections.Generic.IEqualityComparer`1[T] comparer) [0x0001c] in <599ef6b6d50f4e488ca73e2010b52436>:0 
  at System.Linq.Enumerable.ToDictionary[TSource,TKey] (System.Collections.Generic.IEnumerable`1[T] source, System.Func`2[T,TResult] keySelector, System.Collections.Generic.IEqualityComparer`1[T] comparer) [0x00043] in <599ef6b6d50f4e488ca73e2010b52436>:0 
  at System.Linq.Enumerable.ToDictionary[TSource,TKey] (System.Collections.Generic.IEnumerable`1[T] source, System.Func`2[T,TResult] keySelector) [0x00000] in <599ef6b6d50f4e488ca73e2010b52436>:0 
  at UnityEditor.Scripting.ScriptCompilation.LoadingAssemblyDefinition.SetAllCustomScriptAssemblyReferenceJsonsContents (System.String[] paths, System.String[] contents) [0x00172] in <36f62d8e760b48f7af5d32916f997ce1>:0 
UnityEngine.DebugLogHandler:Internal_LogException(Exception, Object)
UnityEngine.DebugLogHandler:LogException(Exception, Object)
UnityEngine.Logger:LogException(Exception, Object)
UnityEngine.Debug:LogException(Exception)
UnityEditor.Scripting.ScriptCompilation.EditorCompilationInterface:LogException(Exception)
UnityEditor.Scripting.ScriptCompilation.EditorCompilationInterface:EmitExceptionsAsErrors(Exception[])
UnityEditor.Scripting.ScriptCompilation.EditorCompilationInterface:SetAllCustomScriptAssemblyReferenceJsons(String[], String[])

Begin MonoManager ReloadAssembly
Symbol file LoadedFromMemory doesn't match image C:\Users\Skill\OneDrive\Desktop\JennysThing\Library\PackageCache\com.unity.visualscripting@1.7.8\Editor\VisualScripting.Core\Dependencies\YamlDotNet\Unity.VisualScripting.YamlDotNet.dll
Symbol file LoadedFromMemory doesn't match image C:\Users\Skill\OneDrive\Desktop\JennysThing\Library\PackageCache\com.unity.visualscripting@1.7.8\Editor\VisualScripting.Core\Dependencies\DotNetZip\Unity.VisualScripting.IonicZip.dll
Native extension for WindowsStandalone target not found
Refreshing native plugins compatible for Editor in 1.21 ms, found 3 plugins.
Preloading 0 native plugins for Editor in 0.00 ms.
ArgumentException: An item with the same key has already been added. Key: 00000000000000000000000000000000
  at System.Collections.Generic.Dictionary`2[TKey,TValue].TryInsert (TKey key, TValue value, System.Collections.Generic.InsertionBehavior behavior) [0x0015a] in <d4cde64232cf45659d86aafa597faa77>:0 
  at System.Collections.Generic.Dictionary`2[TKey,TValue].Add (TKey key, TValue value) [0x00000] in <d4cde64232cf45659d86aafa597faa77>:0 
  at System.Linq.Enumerable.ToDictionary[TSource,TKey] (TSource[] source, System.Func`2[T,TResult] keySelector, System.Collections.Generic.IEqualityComparer`1[T] comparer) [0x0001c] in <599ef6b6d50f4e488ca73e2010b52436>:0 
  at System.Linq.Enumerable.ToDictionary[TSource,TKey] (System.Collections.Generic.IEnumerable`1[T] source, System.Func`2[T,TResult] keySelector, System.Collections.Generic.IEqualityComparer`1[T] comparer) [0x00043] in <599ef6b6d50f4e488ca73e2010b52436>:0 
  at System.Linq.Enumerable.ToDictionary[TSource,TKey] (System.Collections.Generic.IEnumerable`1[T] source, System.Func`2[T,TResult] keySelector) [0x00000] in <599ef6b6d50f4e488ca73e2010b52436>:0 
  at UnityEditor.Scripting.ScriptCompilation.LoadingAssemblyDefinition.SetAllCustomScriptAssemblyReferenceJsonsContents (System.String[] paths, System.String[] contents) [0x00172] in <36f62d8e760b48f7af5d32916f997ce1>:0 
UnityEngine.DebugLogHandler:Internal_LogException(Exception, Object)
UnityEngine.DebugLogHandler:LogException(Exception, Object)
UnityEngine.Logger:LogException(Exception, Object)
UnityEngine.Debug:LogException(Exception)
UnityEditor.Scripting.ScriptCompilation.EditorCompilationInterface:LogException(Exception)
UnityEditor.Scripting.ScriptCompilation.EditorCompilationInterface:EmitExceptionsAsErrors(Exception[])
UnityEditor.Scripting.ScriptCompilation.EditorCompilationInterface:SetAllCustomScriptAssemblyReferenceJsons(String[], String[])

Mono: successfully reloaded assembly
- Completed reload, in  1.884 seconds
Domain Reload Profiling:
	ReloadAssembly (1885ms)
		BeginReloadAssembly (229ms)
			ExecutionOrderSort (0ms)
			DisableScriptedObjects (7ms)
			BackupInstance (0ms)
			ReleaseScriptingObjects (0ms)
			CreateAndSetChildDomain (68ms)
		EndReloadAssembly (1456ms)
			LoadAssemblies (158ms)
			RebuildTransferFunctionScriptingTraits (0ms)
			SetupTypeCache (517ms)
			ReleaseScriptCaches (3ms)
			RebuildScriptCaches (68ms)
			SetupLoadedEditorAssemblies (668ms)
				LogAssemblyErrors (0ms)
				InitializePlatformSupportModulesInManaged (17ms)
				SetLoadedEditorAssemblies (1ms)
				RefreshPlugins (1ms)
				BeforeProcessingInitializeOnLoad (163ms)
				ProcessInitializeOnLoadAttributes (444ms)
				ProcessInitializeOnLoadMethodAttributes (34ms)
				AfterProcessingInitializeOnLoad (8ms)
				EditorAssembliesLoaded (0ms)
			ExecutionOrderSort2 (0ms)
			AwakeInstancesAfterBackupRestoration (10ms)
Platform modules already initialized, skipping
Refreshing native plugins compatible for Editor in 4.29 ms, found 3 plugins.
Preloading 0 native plugins for Editor in 0.00 ms.
Unloading 4542 Unused Serialized files (Serialized files now loaded: 0)
Unloading 1747 unused Assets / (5.1 MB). Loaded Objects now: 5577.
Memory consumption went from 250.3 MB to 245.2 MB.
Total: 10.059700 ms (FindLiveObjects: 0.673100 ms CreateObjectMapping: 0.691900 ms MarkObjects: 5.660000 ms  DeleteObjects: 3.033000 ms)

AssetImportParameters requested are different than current active one (requested -> active):
  custom:video-decoder-ogg-theora: a1e56fd34408186e4bbccfd4996cb3dc -> 
  custom:container-muxer-webm: aa71ff27fc2769a1b78a27578f13a17b -> 
  custom:container-demuxer-webm: 4f35f7cbe854078d1ac9338744f61a02 -> 
  custom:video-encoder-webm-vp8: eb34c28f22e8b96e1ab97ce403110664 -> 
  custom:audio-encoder-webm-vorbis: bf7c407c2cedff20999df2af8eb42d56 -> 
  custom:framework-win-MediaFoundation: 216162199b28c13a410421893ffa2e32 -> 
  custom:container-demuxer-ogg: 62fdf1f143b41e24485cea50d1cbac27 -> 
  custom:video-decoder-webm-vp8: 9c59270c3fd7afecdb556c50c9e8de78 -> 
  custom:audio-decoder-ogg-vorbis: bf7c407c2cedff20999df2af8eb42d56 -> 
========================================================================
Received Prepare
Refreshing native plugins compatible for Editor in 15.97 ms, found 3 plugins.
Preloading 0 native plugins for Editor in 0.00 ms.
Unloading 41 Unused Serialized files (Serialized files now loaded: 0)
Unloading 41 unused Assets / (4.5 MB). Loaded Objects now: 5577.
Memory consumption went from 129.0 MB to 124.5 MB.
Total: 8.837300 ms (FindLiveObjects: 0.625000 ms CreateObjectMapping: 0.617100 ms MarkObjects: 6.527500 ms  DeleteObjects: 1.066300 ms)

AssetImportParameters requested are different than current active one (requested -> active):
  custom:video-decoder-ogg-theora: a1e56fd34408186e4bbccfd4996cb3dc -> 
  custom:container-muxer-webm: aa71ff27fc2769a1b78a27578f13a17b -> 
  custom:container-demuxer-webm: 4f35f7cbe854078d1ac9338744f61a02 -> 
  custom:video-encoder-webm-vp8: eb34c28f22e8b96e1ab97ce403110664 -> 
  custom:audio-encoder-webm-vorbis: bf7c407c2cedff20999df2af8eb42d56 -> 
  custom:framework-win-MediaFoundation: 216162199b28c13a410421893ffa2e32 -> 
  custom:container-demuxer-ogg: 62fdf1f143b41e24485cea50d1cbac27 -> 
  custom:video-decoder-webm-vp8: 9c59270c3fd7afecdb556c50c9e8de78 -> 
  custom:audio-decoder-ogg-vorbis: bf7c407c2cedff20999df2af8eb42d56 -> 
========================================================================
Received Prepare
Couldn't register non-exiting asset root folder: 'Assets'
Assertion failed on expression: 'success'
Trying to reload asset but can't find object on disk
Trying to reload asset but can't find object on disk
Trying to reload asset but can't find object on disk
Trying to reload asset but can't find object on disk
Trying to reload asset but can't find object on disk
Trying to reload asset but can't find object on disk
Trying to reload asset but can't find object on disk
Trying to reload asset but can't find object on disk
Trying to reload asset but can't find object on disk
Trying to reload asset but can't find object on disk
Trying to reload asset but can't find object on disk
Trying to reload asset but can't find object on disk
Trying to reload asset but can't find object on disk
Trying to reload asset but can't find object on disk
Trying to reload asset but can't find object on disk
Trying to reload asset but can't find object on disk
Trying to reload asset but can't find object on disk
Trying to reload asset but can't find object on disk
Trying to reload asset but can't find object on disk
Registering precompiled user dll's ...
Registered in 0.010268 seconds.
ArgumentException: An item with the same key has already been added. Key: 00000000000000000000000000000000
  at System.Collections.Generic.Dictionary`2[TKey,TValue].TryInsert (TKey key, TValue value, System.Collections.Generic.InsertionBehavior behavior) [0x0015a] in <d4cde64232cf45659d86aafa597faa77>:0 
  at System.Collections.Generic.Dictionary`2[TKey,TValue].Add (TKey key, TValue value) [0x00000] in <d4cde64232cf45659d86aafa597faa77>:0 
  at System.Linq.Enumerable.ToDictionary[TSource,TKey] (TSource[] source, System.Func`2[T,TResult] keySelector, System.Collections.Generic.IEqualityComparer`1[T] comparer) [0x0001c] in <599ef6b6d50f4e488ca73e2010b52436>:0 
  at System.Linq.Enumerable.ToDictionary[TSource,TKey] (System.Collections.Generic.IEnumerable`1[T] source, System.Func`2[T,TResult] keySelector, System.Collections.Generic.IEqualityComparer`1[T] comparer) [0x00043] in <599ef6b6d50f4e488ca73e2010b52436>:0 
  at System.Linq.Enumerable.ToDictionary[TSource,TKey] (System.Collections.Generic.IEnumerable`1[T] source, System.Func`2[T,TResult] keySelector) [0x00000] in <599ef6b6d50f4e488ca73e2010b52436>:0 
  at UnityEditor.Scripting.ScriptCompilation.LoadingAssemblyDefinition.SetAllCustomScriptAssemblyReferenceJsonsContents (System.String[] paths, System.String[] contents) [0x00172] in <36f62d8e760b48f7af5d32916f997ce1>:0 
UnityEngine.DebugLogHandler:Internal_LogException(Exception, Object)
UnityEngine.DebugLogHandler:LogException(Exception, Object)
UnityEngine.Logger:LogException(Exception, Object)
UnityEngine.Debug:LogException(Exception)
UnityEditor.Scripting.ScriptCompilation.EditorCompilationInterface:LogException(Exception)
UnityEditor.Scripting.ScriptCompilation.EditorCompilationInterface:EmitExceptionsAsErrors(Exception[])
UnityEditor.Scripting.ScriptCompilation.EditorCompilationInterface:SetAllCustomScriptAssemblyReferenceJsons(String[], String[])

ArgumentException: An item with the same key has already been added. Key: 00000000000000000000000000000000
  at System.Collections.Generic.Dictionary`2[TKey,TValue].TryInsert (TKey key, TValue value, System.Collections.Generic.InsertionBehavior behavior) [0x0015a] in <d4cde64232cf45659d86aafa597faa77>:0 
  at System.Collections.Generic.Dictionary`2[TKey,TValue].Add (TKey key, TValue value) [0x00000] in <d4cde64232cf45659d86aafa597faa77>:0 
  at System.Linq.Enumerable.ToDictionary[TSource,TKey] (TSource[] source, System.Func`2[T,TResult] keySelector, System.Collections.Generic.IEqualityComparer`1[T] comparer) [0x0001c] in <599ef6b6d50f4e488ca73e2010b52436>:0 
  at System.Linq.Enumerable.ToDictionary[TSource,TKey] (System.Collections.Generic.IEnumerable`1[T] source, System.Func`2[T,TResult] keySelector, System.Collections.Generic.IEqualityComparer`1[T] comparer) [0x00043] in <599ef6b6d50f4e488ca73e2010b52436>:0 
  at System.Linq.Enumerable.ToDictionary[TSource,TKey] (System.Collections.Generic.IEnumerable`1[T] source, System.Func`2[T,TResult] keySelector) [0x00000] in <599ef6b6d50f4e488ca73e2010b52436>:0 
  at UnityEditor.Scripting.ScriptCompilation.LoadingAssemblyDefinition.SetAllCustomScriptAssemblyReferenceJsonsContents (System.String[] paths, System.String[] contents) [0x00172] in <36f62d8e760b48f7af5d32916f997ce1>:0 
UnityEngine.DebugLogHandler:Internal_LogException(Exception, Object)
UnityEngine.DebugLogHandler:LogException(Exception, Object)
UnityEngine.Logger:LogException(Exception, Object)
UnityEngine.Debug:LogException(Exception)
UnityEditor.Scripting.ScriptCompilation.EditorCompilationInterface:LogException(Exception)
UnityEditor.Scripting.ScriptCompilation.EditorCompilationInterface:EmitExceptionsAsErrors(Exception[])
UnityEditor.Scripting.ScriptCompilation.EditorCompilationInterface:SetAllCustomScriptAssemblyReferenceJsons(String[], String[])

Begin MonoManager ReloadAssembly
Symbol file LoadedFromMemory doesn't match image C:\Users\Skill\OneDrive\Desktop\JennysThing\Library\PackageCache\com.unity.visualscripting@1.7.8\Editor\VisualScripting.Core\Dependencies\YamlDotNet\Unity.VisualScripting.YamlDotNet.dll
Symbol file LoadedFromMemory doesn't match image C:\Users\Skill\OneDrive\Desktop\JennysThing\Library\PackageCache\com.unity.visualscripting@1.7.8\Editor\VisualScripting.Core\Dependencies\DotNetZip\Unity.VisualScripting.IonicZip.dll
Native extension for WindowsStandalone target not found
Refreshing native plugins compatible for Editor in 0.84 ms, found 3 plugins.
Preloading 0 native plugins for Editor in 0.00 ms.
ArgumentException: An item with the same key has already been added. Key: 00000000000000000000000000000000
  at System.Collections.Generic.Dictionary`2[TKey,TValue].TryInsert (TKey key, TValue value, System.Collections.Generic.InsertionBehavior behavior) [0x0015a] in <d4cde64232cf45659d86aafa597faa77>:0 
  at System.Collections.Generic.Dictionary`2[TKey,TValue].Add (TKey key, TValue value) [0x00000] in <d4cde64232cf45659d86aafa597faa77>:0 
  at System.Linq.Enumerable.ToDictionary[TSource,TKey] (TSource[] source, System.Func`2[T,TResult] keySelector, System.Collections.Generic.IEqualityComparer`1[T] comparer) [0x0001c] in <599ef6b6d50f4e488ca73e2010b52436>:0 
  at System.Linq.Enumerable.ToDictionary[TSource,TKey] (System.Collections.Generic.IEnumerable`1[T] source, System.Func`2[T,TResult] keySelector, System.Collections.Generic.IEqualityComparer`1[T] comparer) [0x00043] in <599ef6b6d50f4e488ca73e2010b52436>:0 
  at System.Linq.Enumerable.ToDictionary[TSource,TKey] (System.Collections.Generic.IEnumerable`1[T] source, System.Func`2[T,TResult] keySelector) [0x00000] in <599ef6b6d50f4e488ca73e2010b52436>:0 
  at UnityEditor.Scripting.ScriptCompilation.LoadingAssemblyDefinition.SetAllCustomScriptAssemblyReferenceJsonsContents (System.String[] paths, System.String[] contents) [0x00172] in <36f62d8e760b48f7af5d32916f997ce1>:0 
UnityEngine.DebugLogHandler:Internal_LogException(Exception, Object)
UnityEngine.DebugLogHandler:LogException(Exception, Object)
UnityEngine.Logger:LogException(Exception, Object)
UnityEngine.Debug:LogException(Exception)
UnityEditor.Scripting.ScriptCompilation.EditorCompilationInterface:LogException(Exception)
UnityEditor.Scripting.ScriptCompilation.EditorCompilationInterface:EmitExceptionsAsErrors(Exception[])
UnityEditor.Scripting.ScriptCompilation.EditorCompilationInterface:SetAllCustomScriptAssemblyReferenceJsons(String[], String[])

Mono: successfully reloaded assembly
- Completed reload, in  1.679 seconds
Domain Reload Profiling:
	ReloadAssembly (1680ms)
		BeginReloadAssembly (222ms)
			ExecutionOrderSort (0ms)
			DisableScriptedObjects (6ms)
			BackupInstance (0ms)
			ReleaseScriptingObjects (0ms)
			CreateAndSetChildDomain (61ms)
		EndReloadAssembly (1285ms)
			LoadAssemblies (146ms)
			RebuildTransferFunctionScriptingTraits (0ms)
			SetupTypeCache (455ms)
			ReleaseScriptCaches (2ms)
			RebuildScriptCaches (55ms)
			SetupLoadedEditorAssemblies (601ms)
				LogAssemblyErrors (0ms)
				InitializePlatformSupportModulesInManaged (16ms)
				SetLoadedEditorAssemblies (1ms)
				RefreshPlugins (1ms)
				BeforeProcessingInitializeOnLoad (156ms)
				ProcessInitializeOnLoadAttributes (392ms)
				ProcessInitializeOnLoadMethodAttributes (29ms)
				AfterProcessingInitializeOnLoad (6ms)
				EditorAssembliesLoaded (0ms)
			ExecutionOrderSort2 (0ms)
			AwakeInstancesAfterBackupRestoration (9ms)
Platform modules already initialized, skipping
Refreshing native plugins compatible for Editor in 2.95 ms, found 3 plugins.
Preloading 0 native plugins for Editor in 0.00 ms.
Unloading 4429 Unused Serialized files (Serialized files now loaded: 0)
Unloading 133 unused Assets / (4.5 MB). Loaded Objects now: 5501.
Memory consumption went from 215.1 MB to 210.6 MB.
Total: 6.629000 ms (FindLiveObjects: 0.504800 ms CreateObjectMapping: 0.551000 ms MarkObjects: 4.689400 ms  DeleteObjects: 0.882200 ms)

AssetImportParameters requested are different than current active one (requested -> active):
  custom:video-decoder-ogg-theora: a1e56fd34408186e4bbccfd4996cb3dc -> 
  custom:container-muxer-webm: aa71ff27fc2769a1b78a27578f13a17b -> 
  custom:container-demuxer-webm: 4f35f7cbe854078d1ac9338744f61a02 -> 
  custom:video-encoder-webm-vp8: eb34c28f22e8b96e1ab97ce403110664 -> 
  custom:audio-encoder-webm-vorbis: bf7c407c2cedff20999df2af8eb42d56 -> 
  custom:framework-win-MediaFoundation: 216162199b28c13a410421893ffa2e32 -> 
  custom:container-demuxer-ogg: 62fdf1f143b41e24485cea50d1cbac27 -> 
  custom:video-decoder-webm-vp8: 9c59270c3fd7afecdb556c50c9e8de78 -> 
  custom:audio-decoder-ogg-vorbis: bf7c407c2cedff20999df2af8eb42d56 -> 
